\BOOKMARK [1][-]{section.1}{\376\377\000I\000n\000t\000r\000o\000d\000u\000k\000t\000i\000o\000n}{}% 1
\BOOKMARK [2][-]{subsection.1.1}{\376\377\000S\000i\000s\000y\000f\000o\000s}{section.1}% 2
\BOOKMARK [1][-]{section.2}{\376\377\000Q\000u\000i\000c\000k\000s\000t\000a\000r\000t\000\040\000g\000u\000i\000d\000e}{}% 3
\BOOKMARK [2][-]{subsection.2.1}{\376\377\000E\000t\000\040\000a\000n\000d\000e\000t\000\040\000e\000k\000s\000e\000m\000p\000e\000l\000\040\000p\000\345\000\040\000e\000n\000\040\000m\000a\000i\000n\000\040\000f\000i\000l}{section.2}% 4
\BOOKMARK [1][-]{section.3}{\376\377\000O\000v\000e\000r\000o\000r\000d\000n\000e\000t\000\040\000b\000e\000s\000k\000r\000i\000v\000e\000l\000s\000e}{}% 5
\BOOKMARK [1][-]{section.4}{\376\377\000I\000n\000p\000u\000t\000-\000d\000a\000t\000a}{}% 6
\BOOKMARK [2][-]{subsection.4.1}{\376\377\000T\000V\000A\000R\000.\000c\000s\000v}{section.4}% 7
\BOOKMARK [2][-]{subsection.4.2}{\376\377\000d\000e\000m\000a\000n\000d\000s\000.\000t\000x\000t}{section.4}% 8
\BOOKMARK [2][-]{subsection.4.3}{\376\377\000r\000e\000l\000a\000t\000i\000v\000e\000D\000e\000m\000a\000n\000d\000s\0002\0000\0002\0005\000.\000t\000x\000t\000\040\000o\000g\000\040\000r\000e\000l\000a\000t\000i\000v\000e\000D\000e\000m\000a\000n\000d\000s\0002\0000\0003\0000\000.\000t\000x\000t}{section.4}% 9
\BOOKMARK [2][-]{subsection.4.4}{\376\377\000D\000K\0001\000D\000e\000m\000a\000n\000d\000.\000t\000x\000t\000\040\000o\000g\000\040\000D\000K\0002\000D\000e\000m\000a\000n\000d\000.\000t\000x\000t}{section.4}% 10
\BOOKMARK [2][-]{subsection.4.5}{\376\377\000c\000a\000p\000a\000c\000i\000t\000i\000e\000s\000.\000t\000x\000t}{section.4}% 11
\BOOKMARK [2][-]{subsection.4.6}{\376\377\000o\000u\000t\000a\000g\000e\000P\000a\000r\000a\000m\000s\000.\000t\000x\000t}{section.4}% 12
\BOOKMARK [2][-]{subsection.4.7}{\376\377\000l\000i\000n\000e\000d\000a\000t\000a\000*\000*\000*\000*\000.\000c\000s\000v}{section.4}% 13
\BOOKMARK [2][-]{subsection.4.8}{\376\377\000o\000u\000t\000a\000g\000e\000P\000l\000a\000n}{section.4}% 14
\BOOKMARK [1][-]{section.5}{\376\377\000O\000p\000t\000i\000o\000n\000s}{}% 15
\BOOKMARK [1][-]{section.6}{\376\377\000D\000a\000t\000a\000H\000o\000l\000d\000e\000r}{}% 16
\BOOKMARK [2][-]{subsection.6.1}{\376\377\000\137\000\137\000i\000n\000i\000t\000\137\000\137}{section.6}% 17
\BOOKMARK [2][-]{subsection.6.2}{\376\377\000L\000o\000a\000d\000P\000r\000o\000d\000u\000c\000t\000i\000o\000n\000D\000i\000c\000t}{section.6}% 18
\BOOKMARK [2][-]{subsection.6.3}{\376\377\000L\000o\000a\000d\000O\000u\000t\000a\000g\000e\000D\000i\000c\000t}{section.6}% 19
\BOOKMARK [2][-]{subsection.6.4}{\376\377\000I\000n\000i\000t\000i\000a\000l\000i\000z\000e\000E\000m\000p\000t\000y\000T\000i\000m\000e\000S\000e\000r\000i\000e\000s\000A\000r\000r\000a\000y}{section.6}% 20
\BOOKMARK [2][-]{subsection.6.5}{\376\377\000C\000r\000e\000a\000t\000e\000P\000r\000o\000d\000N\000a\000m\000e\000s\000L\000i\000s\000t}{section.6}% 21
\BOOKMARK [2][-]{subsection.6.6}{\376\377\000I\000n\000i\000t\000i\000a\000l\000i\000z\000e\000T\000i\000m\000e\000S\000e\000r\000i\000e\000s}{section.6}% 22
\BOOKMARK [2][-]{subsection.6.7}{\376\377\000L\000o\000a\000d\000O\000u\000t\000a\000g\000e\000P\000l\000a\000n}{section.6}% 23
\BOOKMARK [1][-]{section.7}{\376\377\000S\000i\000m\000u\000l\000a\000t\000i\000o\000n}{}% 24
\BOOKMARK [2][-]{subsection.7.1}{\376\377\000\137\000\137\000i\000n\000i\000t\000\137\000\137}{section.7}% 25
\BOOKMARK [2][-]{subsection.7.2}{\376\377\000I\000n\000i\000t\000i\000a\000l\000i\000z\000e\000L\000i\000n\000e\000s}{section.7}% 26
\BOOKMARK [2][-]{subsection.7.3}{\376\377\000I\000n\000i\000t\000i\000a\000l\000i\000z\000e\000T\000o\000F\000r\000o\000m}{section.7}% 27
\BOOKMARK [2][-]{subsection.7.4}{\376\377\000R\000u\000n\000S\000i\000m\000u\000l\000a\000t\000i\000o\000n}{section.7}% 28
\BOOKMARK [2][-]{subsection.7.5}{\376\377\000P\000r\000e\000p\000a\000r\000e\000H\000o\000u\000r}{section.7}% 29
\BOOKMARK [2][-]{subsection.7.6}{\376\377\000S\000o\000l\000v\000e\000M\000a\000x\000F\000l\000o\000w\000P\000r\000o\000b\000e\000m}{section.7}% 30
\BOOKMARK [2][-]{subsection.7.7}{\376\377\000r\000e\000a\000d\000j\000u\000s\000t\000P\000a\000r\000a\000m\000s}{section.7}% 31
\BOOKMARK [2][-]{subsection.7.8}{\376\377\000S\000a\000v\000e\000D\000a\000t\000a}{section.7}% 32
\BOOKMARK [1][-]{section.8}{\376\377\000L\000i\000n\000e}{}% 33
\BOOKMARK [2][-]{subsection.8.1}{\376\377\000P\000r\000e\000p\000a\000r\000e\000H\000o\000u\000r}{section.8}% 34
\BOOKMARK [1][-]{section.9}{\376\377\000A\000r\000e\000a}{}% 35
\BOOKMARK [2][-]{subsection.9.1}{\376\377\000\137\000\137\000i\000n\000i\000t\000\137\000\137}{section.9}% 36
\BOOKMARK [2][-]{subsection.9.2}{\376\377\000I\000n\000i\000t\000i\000a\000l\000i\000z\000e\000D\000e\000m\000a\000n\000d}{section.9}% 37
\BOOKMARK [2][-]{subsection.9.3}{\376\377\000I\000n\000i\000t\000i\000a\000l\000i\000z\000e\000F\000a\000c\000t\000o\000r\000s}{section.9}% 38
\BOOKMARK [2][-]{subsection.9.4}{\376\377\000L\000o\000a\000d\000O\000r\000C\000r\000e\000a\000t\000e\000O\000u\000t\000a\000g\000e\000P\000l\000a\000n}{section.9}% 39
\BOOKMARK [2][-]{subsection.9.5}{\376\377\000C\000r\000e\000a\000t\000e\000O\000u\000t\000a\000g\000e\000P\000l\000a\000n}{section.9}% 40
\BOOKMARK [1][-]{section.10}{\376\377\000A\000r\000e\000a\000D\000K}{}% 41
\BOOKMARK [1][-]{section.11}{\376\377\000P\000r\000o\000d\000u\000c\000t\000i\000o\000n}{}% 42
\BOOKMARK [2][-]{subsection.11.1}{\376\377\000A\000d\000d\000P\000r\000o\000d\000u\000c\000e\000r}{section.11}% 43
\BOOKMARK [2][-]{subsection.11.2}{\376\377\000G\000e\000t\000C\000u\000r\000r\000e\000n\000t\000V\000a\000l\000u\000e}{section.11}% 44
\BOOKMARK [1][-]{section.12}{\376\377\000N\000o\000n\000T\000D\000P\000r\000o\000d\000u\000c\000t\000i\000o\000n}{}% 45
\BOOKMARK [2][-]{subsection.12.1}{\376\377\000S\000e\000t\000O\000u\000t\000a\000g\000e\000P\000l\000a\000n}{section.12}% 46
\BOOKMARK [2][-]{subsection.12.2}{\376\377\000I\000n\000i\000t\000i\000a\000l\000i\000z\000e\000F\000a\000i\000l\000e\000d\000U\000n\000i\000t\000s}{section.12}% 47
\BOOKMARK [2][-]{subsection.12.3}{\376\377\000P\000r\000e\000p\000a\000r\000e\000H\000o\000u\000r}{section.12}% 48
\BOOKMARK [1][-]{section.13}{\376\377\000P\000o\000s\000t\000P\000r\000o\000c\000e\000s\000s\000o\000r}{}% 49
\BOOKMARK [2][-]{subsection.13.1}{\376\377\000p\000r\000o\000c\000e\000s\000s}{section.13}% 50
\BOOKMARK [1][-]{section.14}{\376\377\000N\000o\000d\000e}{}% 51
\BOOKMARK [2][-]{subsection.14.1}{\376\377\000R\000e\000a\000d\000H\000e\000a\000d\000e\000r}{section.14}% 52
\BOOKMARK [2][-]{subsection.14.2}{\376\377\000R\000e\000a\000d\000H\000o\000u\000r}{section.14}% 53
\BOOKMARK [2][-]{subsection.14.3}{\376\377\000A\000d\000j\000u\000s\000t\000P\000r\000o\000d\000u\000c\000t\000i\000o\000n}{section.14}% 54
\BOOKMARK [1][-]{section.15}{\376\377\000K\000o\000m\000m\000e\000n\000t\000a\000r\000e\000r\000\040\000o\000m\000\040\000S\000i\000s\000y\000f\000o\000s}{}% 55
\BOOKMARK [2][-]{subsection.15.1}{\376\377\000F\000l\000e\000x\000i\000b\000e\000l\000t\000\040\000f\000o\000r\000b\000r\000u\000g}{section.15}% 56
\BOOKMARK [2][-]{subsection.15.2}{\376\377\000V\000\346\000r\000k\000e\000r\000\040\000u\000d\000e\000n\000f\000o\000r\000\040\000m\000o\000d\000e\000l\000l\000e\000n}{section.15}% 57
\BOOKMARK [2][-]{subsection.15.3}{\376\377\000\306\000n\000d\000r\000e\000d\000e\000\040\000f\000o\000r\000b\000r\000u\000g\000s\000v\000a\000n\000e\000r}{section.15}% 58
\BOOKMARK [2][-]{subsection.15.4}{\376\377\000B\000a\000t\000t\000e\000r\000i\000e\000r}{section.15}% 59
